Build started 11/12/2015 23:48:10.
     1>Project "C:\Users\Jordan\Documents\PhysicsCWork\PhysicsCWColl\PhysicsCWColl\PhysicsCWColl.vcxproj" on node 2 (Build target(s)).
     1>ClCompile:
         C:\Program Files (x86)\Microsoft Visual Studio 12.0\VC\bin\CL.exe /c /IC:\Users\Jordan\Documents\PhysicsCWork\PhysicsCWColl\/deps/include /ZI /nologo /W3 /WX- /sdl /Od /Oy- /D _MBCS /Gm /EHsc /RTC1 /MDd /GS /fp:precise /Zc:wchar_t /Zc:forScope /Fo"Debug\\" /Fd"Debug\vc120.pdb" /Gd /TP /analyze- /errorReport:prompt ImageLoader.cpp Vec3f.cpp main.cpp
         main.cpp
     1>c:\users\jordan\documents\physicscwork\physicscwcoll\physicscwcoll\graphicshelp.h(103): warning C4244: 'argument' : conversion from 'double' to 'GLfloat', possible loss of data
     1>c:\users\jordan\documents\physicscwork\physicscwcoll\physicscwcoll\graphicshelp.h(117): warning C4244: 'argument' : conversion from 'double' to 'GLfloat', possible loss of data
     1>c:\users\jordan\documents\physicscwork\physicscwcoll\physicscwcoll\graphicshelp.h(264): warning C4244: 'argument' : conversion from 'double' to 'GLfloat', possible loss of data
     1>c:\users\jordan\documents\physicscwork\physicscwcoll\physicscwcoll\graphicshelp.h(293): warning C4244: 'argument' : conversion from 'int' to 'GLfloat', possible loss of data
     1>c:\users\jordan\documents\physicscwork\physicscwcoll\physicscwcoll\graphicshelp.h(294): warning C4244: 'argument' : conversion from 'int' to 'GLfloat', possible loss of data
     1>c:\users\jordan\documents\physicscwork\physicscwcoll\physicscwcoll\graphicshelp.h(298): warning C4244: 'argument' : conversion from 'int' to 'GLfloat', possible loss of data
     1>c:\users\jordan\documents\physicscwork\physicscwcoll\physicscwcoll\graphicshelp.h(299): warning C4244: 'argument' : conversion from 'int' to 'GLfloat', possible loss of data
     1>c:\users\jordan\documents\physicscwork\physicscwcoll\physicscwcoll\graphicshelp.h(305): warning C4244: 'argument' : conversion from 'int' to 'GLfloat', possible loss of data
     1>c:\users\jordan\documents\physicscwork\physicscwcoll\physicscwcoll\graphicshelp.h(306): warning C4244: 'argument' : conversion from 'int' to 'GLfloat', possible loss of data
     1>c:\users\jordan\documents\physicscwork\physicscwcoll\physicscwcoll\graphicshelp.h(310): warning C4244: 'argument' : conversion from 'int' to 'GLfloat', possible loss of data
     1>c:\users\jordan\documents\physicscwork\physicscwcoll\physicscwcoll\graphicshelp.h(311): warning C4244: 'argument' : conversion from 'int' to 'GLfloat', possible loss of data
     1>c:\users\jordan\documents\physicscwork\physicscwcoll\physicscwcoll\graphicshelp.h(317): warning C4244: 'argument' : conversion from 'int' to 'GLfloat', possible loss of data
     1>c:\users\jordan\documents\physicscwork\physicscwcoll\physicscwcoll\graphicshelp.h(318): warning C4244: 'argument' : conversion from 'int' to 'GLfloat', possible loss of data
     1>c:\users\jordan\documents\physicscwork\physicscwcoll\physicscwcoll\graphicshelp.h(322): warning C4244: 'argument' : conversion from 'int' to 'GLfloat', possible loss of data
     1>c:\users\jordan\documents\physicscwork\physicscwcoll\physicscwcoll\graphicshelp.h(323): warning C4244: 'argument' : conversion from 'int' to 'GLfloat', possible loss of data
     1>c:\users\jordan\documents\physicscwork\physicscwcoll\physicscwcoll\graphicshelp.h(329): warning C4244: 'argument' : conversion from 'int' to 'GLfloat', possible loss of data
     1>c:\users\jordan\documents\physicscwork\physicscwcoll\physicscwcoll\graphicshelp.h(330): warning C4244: 'argument' : conversion from 'int' to 'GLfloat', possible loss of data
     1>c:\users\jordan\documents\physicscwork\physicscwcoll\physicscwcoll\graphicshelp.h(334): warning C4244: 'argument' : conversion from 'int' to 'GLfloat', possible loss of data
     1>c:\users\jordan\documents\physicscwork\physicscwcoll\physicscwcoll\graphicshelp.h(335): warning C4244: 'argument' : conversion from 'int' to 'GLfloat', possible loss of data
         Vec3f.cpp
         ImageLoader.cpp
         Generating Code...
       Link:
         C:\Program Files (x86)\Microsoft Visual Studio 12.0\VC\bin\link.exe /ERRORREPORT:PROMPT /OUT:"C:\Users\Jordan\Documents\PhysicsCWork\PhysicsCWColl\Debug\PhysicsCWColl.exe" /INCREMENTAL /NOLOGO /LIBPATH:C:\Users\Jordan\Documents\PhysicsCWork\PhysicsCWColl\/deps/lib freeglut.lib glew32.lib glew32s.lib kernel32.lib user32.lib gdi32.lib winspool.lib comdlg32.lib advapi32.lib shell32.lib ole32.lib oleaut32.lib uuid.lib odbc32.lib odbccp32.lib /MANIFEST /MANIFESTUAC:"level='asInvoker' uiAccess='false'" /manifest:embed /DEBUG /PDB:"C:\Users\Jordan\Documents\PhysicsCWork\PhysicsCWColl\Debug\PhysicsCWColl.pdb" /TLBID:1 /DYNAMICBASE /NXCOMPAT /IMPLIB:"C:\Users\Jordan\Documents\PhysicsCWork\PhysicsCWColl\Debug\PhysicsCWColl.lib" /MACHINE:X86 Debug\ImageLoader.obj
         Debug\main.obj
         Debug\Vec3f.obj
         PhysicsCWColl.vcxproj -> C:\Users\Jordan\Documents\PhysicsCWork\PhysicsCWColl\Debug\PhysicsCWColl.exe
     1>Done Building Project "C:\Users\Jordan\Documents\PhysicsCWork\PhysicsCWColl\PhysicsCWColl\PhysicsCWColl.vcxproj" (Build target(s)).

Build succeeded.

Time Elapsed 00:00:09.41
